<?xml version="1.0" encoding="UTF-8"?>
<testng-results ignored="0" total="14" passed="12" failed="2" skipped="0">
  <reporter-output>
  </reporter-output>
  <suite started-at="2023-03-28T21:09:38 EDT" name="Amazon1.0" finished-at="2023-03-28T21:10:06 EDT" duration-ms="27955">
    <groups>
    </groups>
    <test started-at="2023-03-28T21:09:38 EDT" name="TestNG" finished-at="2023-03-28T21:10:06 EDT" duration-ms="27955">
      <class name="testlayer.SortingFilterationPagination">
        <test-method is-config="true" signature="Signin()[pri:0, instance:testlayer.SortingFilterationPagination@5c5eefef]" started-at="2023-03-28T21:09:21 EDT" name="Signin" finished-at="2023-03-28T21:09:27 EDT" duration-ms="6136" status="PASS">
          <reporter-output>
          </reporter-output>
        </test-method> <!-- Signin -->
        <test-method signature="Search()[pri:1, instance:testlayer.SortingFilterationPagination@5c5eefef]" started-at="2023-03-28T21:09:48 EDT" name="Search" finished-at="2023-03-28T21:09:49 EDT" duration-ms="1085" status="PASS">
          <reporter-output>
          </reporter-output>
        </test-method> <!-- Search -->
        <test-method signature="Relevant()[pri:2, instance:testlayer.SortingFilterationPagination@5c5eefef]" started-at="2023-03-28T21:09:49 EDT" name="Relevant" finished-at="2023-03-28T21:09:51 EDT" duration-ms="2324" status="PASS">
          <reporter-output>
          </reporter-output>
        </test-method> <!-- Relevant -->
        <test-method signature="ProductInformation()[pri:3, instance:testlayer.SortingFilterationPagination@5c5eefef]" started-at="2023-03-28T21:09:51 EDT" name="ProductInformation" finished-at="2023-03-28T21:09:52 EDT" duration-ms="148" status="PASS">
          <reporter-output>
          </reporter-output>
        </test-method> <!-- ProductInformation -->
        <test-method signature="numofproductperpage()[pri:4, instance:testlayer.SortingFilterationPagination@5c5eefef]" started-at="2023-03-28T21:09:52 EDT" name="numofproductperpage" finished-at="2023-03-28T21:09:52 EDT" duration-ms="86" status="FAIL">
          <exception class="java.lang.AssertionError">
            <message>
              <![CDATA[expected [60] but found [1-48 of over 100,000 results for]]]>
            </message>
            <full-stacktrace>
              <![CDATA[java.lang.AssertionError: expected [60] but found [1-48 of over 100,000 results for]
at org.testng.Assert.fail(Assert.java:99)
at org.testng.Assert.failNotEquals(Assert.java:1037)
at org.testng.Assert.assertEqualsImpl(Assert.java:140)
at org.testng.Assert.assertEquals(Assert.java:122)
at org.testng.Assert.assertEquals(Assert.java:629)
at org.testng.Assert.assertEquals(Assert.java:639)
at testlayer.SortingFilterationPagination.numofproductperpage(SortingFilterationPagination.java:75)
at java.base/jdk.internal.reflect.DirectMethodHandleAccessor.invoke(DirectMethodHandleAccessor.java:104)
at java.base/java.lang.reflect.Method.invoke(Method.java:578)
at org.testng.internal.MethodInvocationHelper.invokeMethod(MethodInvocationHelper.java:133)
at org.testng.internal.TestInvoker.invokeMethod(TestInvoker.java:598)
at org.testng.internal.TestInvoker.invokeTestMethod(TestInvoker.java:173)
at org.testng.internal.MethodRunner.runInSequence(MethodRunner.java:46)
at org.testng.internal.TestInvoker$MethodInvocationAgent.invoke(TestInvoker.java:824)
at org.testng.internal.TestInvoker.invokeTestMethods(TestInvoker.java:146)
at org.testng.internal.TestMethodWorker.invokeTestMethods(TestMethodWorker.java:146)
at org.testng.internal.TestMethodWorker.run(TestMethodWorker.java:128)
at java.base/java.util.ArrayList.forEach(ArrayList.java:1511)
at org.testng.TestRunner.privateRun(TestRunner.java:794)
at org.testng.TestRunner.run(TestRunner.java:596)
at org.testng.SuiteRunner.runTest(SuiteRunner.java:377)
at org.testng.SuiteRunner.runSequentially(SuiteRunner.java:371)
at org.testng.SuiteRunner.privateRun(SuiteRunner.java:332)
at org.testng.SuiteRunner.run(SuiteRunner.java:276)
at org.testng.SuiteRunnerWorker.runSuite(SuiteRunnerWorker.java:53)
at org.testng.SuiteRunnerWorker.run(SuiteRunnerWorker.java:96)
at org.testng.TestNG.runSuitesSequentially(TestNG.java:1212)
at org.testng.TestNG.runSuitesLocally(TestNG.java:1134)
at org.testng.TestNG.runSuites(TestNG.java:1063)
at org.testng.TestNG.run(TestNG.java:1031)
at org.testng.remote.AbstractRemoteTestNG.run(AbstractRemoteTestNG.java:115)
at org.testng.remote.RemoteTestNG.initAndRun(RemoteTestNG.java:251)
at org.testng.remote.RemoteTestNG.main(RemoteTestNG.java:77)
]]>
            </full-stacktrace>
          </exception> <!-- java.lang.AssertionError -->
          <reporter-output>
          </reporter-output>
        </test-method> <!-- numofproductperpage -->
        <test-method signature="sorting()[pri:5, instance:testlayer.SortingFilterationPagination@5c5eefef]" started-at="2023-03-28T21:09:52 EDT" name="sorting" finished-at="2023-03-28T21:09:54 EDT" duration-ms="2474" status="PASS">
          <reporter-output>
          </reporter-output>
        </test-method> <!-- sorting -->
        <test-method signature="filternationcustomerratting()[pri:6, instance:testlayer.SortingFilterationPagination@5c5eefef]" started-at="2023-03-28T21:09:54 EDT" name="filternationcustomerratting" finished-at="2023-03-28T21:09:55 EDT" duration-ms="1249" status="PASS">
          <reporter-output>
          </reporter-output>
        </test-method> <!-- filternationcustomerratting -->
        <test-method signature="searchresultcount()[pri:8, instance:testlayer.SortingFilterationPagination@5c5eefef]" started-at="2023-03-28T21:09:55 EDT" name="searchresultcount" finished-at="2023-03-28T21:09:56 EDT" duration-ms="361" status="PASS">
          <reporter-output>
          </reporter-output>
        </test-method> <!-- searchresultcount -->
        <test-method signature="filterationsortingpagination()[pri:9, instance:testlayer.SortingFilterationPagination@5c5eefef]" started-at="2023-03-28T21:09:56 EDT" name="filterationsortingpagination" finished-at="2023-03-28T21:09:56 EDT" duration-ms="9" status="PASS">
          <reporter-output>
          </reporter-output>
        </test-method> <!-- filterationsortingpagination -->
        <test-method is-config="true" signature="closeBrowser()[pri:0, instance:testlayer.SortingFilterationPagination@5c5eefef]" started-at="2023-03-28T21:10:06 EDT" name="closeBrowser" finished-at="2023-03-28T21:10:07 EDT" duration-ms="651" status="PASS">
          <reporter-output>
          </reporter-output>
        </test-method> <!-- closeBrowser -->
      </class> <!-- testlayer.SortingFilterationPagination -->
      <class name="testlayer.YourOrderModule">
        <test-method is-config="true" signature="Signin()[pri:0, instance:testlayer.YourOrderModule@5158b42f]" started-at="2023-03-28T21:09:33 EDT" name="Signin" finished-at="2023-03-28T21:09:38 EDT" duration-ms="5181" status="PASS">
          <reporter-output>
          </reporter-output>
        </test-method> <!-- Signin -->
        <test-method signature="YourOrders()[pri:1, instance:testlayer.YourOrderModule@5158b42f]" started-at="2023-03-28T21:09:59 EDT" name="YourOrders" finished-at="2023-03-28T21:10:03 EDT" duration-ms="3841" status="PASS">
          <reporter-output>
          </reporter-output>
        </test-method> <!-- YourOrders -->
        <test-method signature="CancelledOrders()[pri:2, instance:testlayer.YourOrderModule@5158b42f]" started-at="2023-03-28T21:10:03 EDT" name="CancelledOrders" finished-at="2023-03-28T21:10:06 EDT" duration-ms="2408" status="PASS">
          <reporter-output>
          </reporter-output>
        </test-method> <!-- CancelledOrders -->
        <test-method is-config="true" signature="closeBrowser()[pri:0, instance:testlayer.YourOrderModule@5158b42f]" started-at="2023-03-28T21:10:07 EDT" name="closeBrowser" finished-at="2023-03-28T21:10:08 EDT" duration-ms="568" status="PASS">
          <reporter-output>
          </reporter-output>
        </test-method> <!-- closeBrowser -->
      </class> <!-- testlayer.YourOrderModule -->
      <class name="testlayer.YourAddressModule">
        <test-method is-config="true" signature="Signin()[pri:0, instance:testlayer.YourAddressModule@16293aa2]" started-at="2023-03-28T21:09:27 EDT" name="Signin" finished-at="2023-03-28T21:09:33 EDT" duration-ms="5843" status="PASS">
          <reporter-output>
          </reporter-output>
        </test-method> <!-- Signin -->
        <test-method signature="YourAddress()[pri:1, instance:testlayer.YourAddressModule@16293aa2]" started-at="2023-03-28T21:09:56 EDT" name="YourAddress" finished-at="2023-03-28T21:09:58 EDT" duration-ms="2293" status="PASS">
          <reporter-output>
          </reporter-output>
        </test-method> <!-- YourAddress -->
        <test-method signature="AddAddress()[pri:2, instance:testlayer.YourAddressModule@16293aa2]" started-at="2023-03-28T21:09:58 EDT" name="AddAddress" finished-at="2023-03-28T21:09:59 EDT" duration-ms="1355" status="PASS">
          <reporter-output>
          </reporter-output>
        </test-method> <!-- AddAddress -->
        <test-method is-config="true" signature="closeBrowser()[pri:0, instance:testlayer.YourAddressModule@16293aa2]" started-at="2023-03-28T21:10:07 EDT" name="closeBrowser" finished-at="2023-03-28T21:10:07 EDT" duration-ms="560" status="PASS">
          <reporter-output>
          </reporter-output>
        </test-method> <!-- closeBrowser -->
      </class> <!-- testlayer.YourAddressModule -->
      <class name="testlayer.LoginTest2">
        <test-method is-config="true" signature="browser()[pri:0, instance:testlayer.LoginTest2@6d763516]" started-at="2023-03-28T21:09:38 EDT" name="browser" finished-at="2023-03-28T21:09:40 EDT" duration-ms="1819" status="PASS">
          <reporter-output>
          </reporter-output>
        </test-method> <!-- browser -->
        <test-method signature="Signin()[pri:1, instance:testlayer.LoginTest2@6d763516]" started-at="2023-03-28T21:09:40 EDT" name="Signin" finished-at="2023-03-28T21:09:45 EDT" duration-ms="5046" status="PASS">
          <reporter-output>
          </reporter-output>
        </test-method> <!-- Signin -->
        <test-method is-config="true" signature="browser()[pri:0, instance:testlayer.LoginTest2@6d763516]" started-at="2023-03-28T21:09:45 EDT" name="browser" finished-at="2023-03-28T21:09:46 EDT" duration-ms="1601" status="PASS">
          <reporter-output>
          </reporter-output>
        </test-method> <!-- browser -->
        <test-method signature="KeepSignedin()[pri:2, instance:testlayer.LoginTest2@6d763516]" started-at="2023-03-28T21:09:46 EDT" name="KeepSignedin" finished-at="2023-03-28T21:09:48 EDT" duration-ms="1823" status="FAIL">
          <exception class="java.lang.AssertionError">
            <message>
              <![CDATA[expected [Hello, Sidharath] but found [Hello, sign in]]]>
            </message>
            <full-stacktrace>
              <![CDATA[java.lang.AssertionError: expected [Hello, Sidharath] but found [Hello, sign in]
at org.testng.Assert.fail(Assert.java:99)
at org.testng.Assert.failNotEquals(Assert.java:1037)
at org.testng.Assert.assertEqualsImpl(Assert.java:140)
at org.testng.Assert.assertEquals(Assert.java:122)
at org.testng.Assert.assertEquals(Assert.java:629)
at org.testng.Assert.assertEquals(Assert.java:639)
at testlayer.LoginTest2.KeepSignedin(LoginTest2.java:51)
at java.base/jdk.internal.reflect.DirectMethodHandleAccessor.invoke(DirectMethodHandleAccessor.java:104)
at java.base/java.lang.reflect.Method.invoke(Method.java:578)
at org.testng.internal.MethodInvocationHelper.invokeMethod(MethodInvocationHelper.java:133)
at org.testng.internal.TestInvoker.invokeMethod(TestInvoker.java:598)
at org.testng.internal.TestInvoker.invokeTestMethod(TestInvoker.java:173)
at org.testng.internal.MethodRunner.runInSequence(MethodRunner.java:46)
at org.testng.internal.TestInvoker$MethodInvocationAgent.invoke(TestInvoker.java:824)
at org.testng.internal.TestInvoker.invokeTestMethods(TestInvoker.java:146)
at org.testng.internal.TestMethodWorker.invokeTestMethods(TestMethodWorker.java:146)
at org.testng.internal.TestMethodWorker.run(TestMethodWorker.java:128)
at java.base/java.util.ArrayList.forEach(ArrayList.java:1511)
at org.testng.TestRunner.privateRun(TestRunner.java:794)
at org.testng.TestRunner.run(TestRunner.java:596)
at org.testng.SuiteRunner.runTest(SuiteRunner.java:377)
at org.testng.SuiteRunner.runSequentially(SuiteRunner.java:371)
at org.testng.SuiteRunner.privateRun(SuiteRunner.java:332)
at org.testng.SuiteRunner.run(SuiteRunner.java:276)
at org.testng.SuiteRunnerWorker.runSuite(SuiteRunnerWorker.java:53)
at org.testng.SuiteRunnerWorker.run(SuiteRunnerWorker.java:96)
at org.testng.TestNG.runSuitesSequentially(TestNG.java:1212)
at org.testng.TestNG.runSuitesLocally(TestNG.java:1134)
at org.testng.TestNG.runSuites(TestNG.java:1063)
at org.testng.TestNG.run(TestNG.java:1031)
at org.testng.remote.AbstractRemoteTestNG.run(AbstractRemoteTestNG.java:115)
at org.testng.remote.RemoteTestNG.initAndRun(RemoteTestNG.java:251)
at org.testng.remote.RemoteTestNG.main(RemoteTestNG.java:77)
]]>
            </full-stacktrace>
          </exception> <!-- java.lang.AssertionError -->
          <reporter-output>
          </reporter-output>
        </test-method> <!-- KeepSignedin -->
        <test-method is-config="true" signature="close()[pri:0, instance:testlayer.LoginTest2@6d763516]" started-at="2023-03-28T21:10:06 EDT" name="close" finished-at="2023-03-28T21:10:06 EDT" duration-ms="514" status="PASS">
          <reporter-output>
          </reporter-output>
        </test-method> <!-- close -->
      </class> <!-- testlayer.LoginTest2 -->
    </test> <!-- TestNG -->
  </suite> <!-- Amazon1.0 -->
</testng-results>
